/*C15*/SET SCHEMA PUBLIC
DISCONNECT
/*C17*/SET SCHEMA PUBLIC
create table Mail (id bigint generated by default as identity (start with 1), version bigint, email varchar(255) not null, pola boolean, personne_id bigint not null, primary key (id))
alter table Mail add constraint FK2479D75B19B815 foreign key (personne_id) references Personne
/*C18*/SET SCHEMA PUBLIC
INSERT INTO PERSONNE VALUES(5,0,'1989-12-12 00:00:00.000000','sqsqsqs','qsqsqs')
COMMIT
INSERT INTO SURNOM VALUES(5,0,'qsqsq',5)
COMMIT
INSERT INTO MAIL VALUES(1,0,'sqsqs@sqsqs.fr',NULL,5)
COMMIT
INSERT INTO FONCTION VALUES(5,0,'qsqs')
COMMIT
INSERT INTO PERSONNEFONCTION VALUES(5,0,NULL,NULL,5,5)
COMMIT
/*C19*/SET SCHEMA PUBLIC
INSERT INTO PERSONNE VALUES(6,0,'1989-12-12 00:00:00.000000','essadkaoui','Amine')
COMMIT
INSERT INTO SURNOM VALUES(6,0,'hamossa',6)
COMMIT
INSERT INTO SURNOM VALUES(7,0,'bou9al',6)
COMMIT
INSERT INTO MAIL VALUES(2,0,'essadkaoui01@gmail.com',NULL,6)
COMMIT
INSERT INTO MAIL VALUES(3,0,'essadkaoui@gmail.com',NULL,6)
COMMIT
INSERT INTO FONCTION VALUES(6,0,'instituteur')
COMMIT
INSERT INTO PERSONNEFONCTION VALUES(6,0,NULL,NULL,6,6)
COMMIT
